{"C:\\Users\\Pavel\\Desktop\\Задачи JS\\js_core_tests\\src\\1.PromiseAll.ts": {"path":"C:\\Users\\Pavel\\Desktop\\Задачи JS\\js_core_tests\\src\\1.PromiseAll.ts","all":false,"statementMap":{"0":{"start":{"line":1,"column":0},"end":{"line":1,"column":33}},"1":{"start":{"line":2,"column":0},"end":{"line":2,"column":0}},"2":{"start":{"line":3,"column":0},"end":{"line":3,"column":31}},"3":{"start":{"line":4,"column":0},"end":{"line":4,"column":51}},"4":{"start":{"line":5,"column":0},"end":{"line":5,"column":74}},"5":{"start":{"line":6,"column":0},"end":{"line":6,"column":48}},"6":{"start":{"line":7,"column":0},"end":{"line":7,"column":61}},"7":{"start":{"line":8,"column":0},"end":{"line":8,"column":7}},"8":{"start":{"line":9,"column":0},"end":{"line":9,"column":7}},"9":{"start":{"line":10,"column":0},"end":{"line":10,"column":5}},"10":{"start":{"line":11,"column":0},"end":{"line":11,"column":0}},"11":{"start":{"line":12,"column":0},"end":{"line":12,"column":41}},"12":{"start":{"line":13,"column":0},"end":{"line":13,"column":31}},"13":{"start":{"line":14,"column":0},"end":{"line":14,"column":17}},"14":{"start":{"line":15,"column":0},"end":{"line":15,"column":25}},"15":{"start":{"line":16,"column":0},"end":{"line":16,"column":16}},"16":{"start":{"line":17,"column":0},"end":{"line":17,"column":0}},"17":{"start":{"line":18,"column":0},"end":{"line":18,"column":43}},"18":{"start":{"line":19,"column":0},"end":{"line":19,"column":41}},"19":{"start":{"line":20,"column":0},"end":{"line":20,"column":25}},"20":{"start":{"line":21,"column":0},"end":{"line":21,"column":24}},"21":{"start":{"line":22,"column":0},"end":{"line":22,"column":40}},"22":{"start":{"line":23,"column":0},"end":{"line":23,"column":18}},"23":{"start":{"line":24,"column":0},"end":{"line":24,"column":57}},"24":{"start":{"line":25,"column":0},"end":{"line":25,"column":10}},"25":{"start":{"line":26,"column":0},"end":{"line":26,"column":37}},"26":{"start":{"line":27,"column":0},"end":{"line":27,"column":7}},"27":{"start":{"line":28,"column":0},"end":{"line":28,"column":5}},"28":{"start":{"line":29,"column":0},"end":{"line":29,"column":2}}},"s":{"0":1,"1":1,"2":1,"3":1,"4":1,"5":1,"6":1,"7":1,"8":1,"9":1,"10":1,"11":1,"12":3,"13":3,"14":3,"15":3,"16":3,"17":3,"18":3,"19":9,"20":9,"21":8,"22":8,"23":8,"24":9,"25":9,"26":3,"27":3,"28":3},"branchMap":{"0":{"type":"branch","line":12,"loc":{"start":{"line":12,"column":28},"end":{"line":29,"column":2}},"locations":[{"start":{"line":12,"column":28},"end":{"line":29,"column":2}}]},"1":{"type":"branch","line":18,"loc":{"start":{"line":18,"column":21},"end":{"line":28,"column":3}},"locations":[{"start":{"line":18,"column":21},"end":{"line":28,"column":3}}]},"2":{"type":"branch","line":19,"loc":{"start":{"line":19,"column":21},"end":{"line":27,"column":5}},"locations":[{"start":{"line":19,"column":21},"end":{"line":27,"column":5}}]},"3":{"type":"branch","line":21,"loc":{"start":{"line":21,"column":15},"end":{"line":25,"column":9}},"locations":[{"start":{"line":21,"column":15},"end":{"line":25,"column":9}}]},"4":{"type":"branch","line":24,"loc":{"start":{"line":24,"column":41},"end":{"line":24,"column":57}},"locations":[{"start":{"line":24,"column":41},"end":{"line":24,"column":57}}]},"5":{"type":"branch","line":26,"loc":{"start":{"line":26,"column":16},"end":{"line":26,"column":35}},"locations":[{"start":{"line":26,"column":16},"end":{"line":26,"column":35}}]}},"b":{"0":[3],"1":[3],"2":[9],"3":[8],"4":[2],"5":[1]},"fnMap":{"0":{"name":"promiseMyAll","decl":{"start":{"line":12,"column":28},"end":{"line":29,"column":2}},"loc":{"start":{"line":12,"column":28},"end":{"line":29,"column":2}},"line":12}},"f":{"0":3}}
,"C:\\Users\\Pavel\\Desktop\\Задачи JS\\js_core_tests\\src\\2.sayHi.ts": {"path":"C:\\Users\\Pavel\\Desktop\\Задачи JS\\js_core_tests\\src\\2.sayHi.ts","all":false,"statementMap":{"0":{"start":{"line":1,"column":0},"end":{"line":1,"column":10}},"1":{"start":{"line":2,"column":0},"end":{"line":2,"column":0}},"2":{"start":{"line":3,"column":0},"end":{"line":3,"column":16}},"3":{"start":{"line":4,"column":0},"end":{"line":4,"column":20}},"4":{"start":{"line":5,"column":0},"end":{"line":5,"column":33}},"5":{"start":{"line":6,"column":0},"end":{"line":6,"column":3}},"6":{"start":{"line":7,"column":0},"end":{"line":7,"column":1}},"7":{"start":{"line":8,"column":0},"end":{"line":8,"column":0}},"8":{"start":{"line":9,"column":0},"end":{"line":9,"column":59}},"9":{"start":{"line":10,"column":0},"end":{"line":10,"column":42}},"10":{"start":{"line":11,"column":0},"end":{"line":11,"column":2}}},"s":{"0":1,"1":1,"2":1,"3":1,"4":1,"5":1,"6":1,"7":1,"8":1,"9":2,"10":2},"branchMap":{"0":{"type":"branch","line":9,"loc":{"start":{"line":9,"column":25},"end":{"line":11,"column":2}},"locations":[{"start":{"line":9,"column":25},"end":{"line":11,"column":2}}]}},"b":{"0":[2]},"fnMap":{"0":{"name":"String.sayHi","decl":{"start":{"line":9,"column":25},"end":{"line":11,"column":2}},"loc":{"start":{"line":9,"column":25},"end":{"line":11,"column":2}},"line":9}},"f":{"0":2}}
,"C:\\Users\\Pavel\\Desktop\\Задачи JS\\js_core_tests\\src\\4.sleep.ts": {"path":"C:\\Users\\Pavel\\Desktop\\Задачи JS\\js_core_tests\\src\\4.sleep.ts","all":false,"statementMap":{"0":{"start":{"line":1,"column":0},"end":{"line":1,"column":31}},"1":{"start":{"line":2,"column":0},"end":{"line":2,"column":35}},"2":{"start":{"line":3,"column":0},"end":{"line":3,"column":28}},"3":{"start":{"line":4,"column":0},"end":{"line":4,"column":17}},"4":{"start":{"line":5,"column":0},"end":{"line":5,"column":14}},"5":{"start":{"line":6,"column":0},"end":{"line":6,"column":5}},"6":{"start":{"line":7,"column":0},"end":{"line":7,"column":1}},"7":{"start":{"line":8,"column":0},"end":{"line":8,"column":0}},"8":{"start":{"line":9,"column":0},"end":{"line":9,"column":47}},"9":{"start":{"line":10,"column":0},"end":{"line":10,"column":17}},"10":{"start":{"line":11,"column":0},"end":{"line":11,"column":20}},"11":{"start":{"line":12,"column":0},"end":{"line":12,"column":17}},"12":{"start":{"line":13,"column":0},"end":{"line":13,"column":1}},"13":{"start":{"line":14,"column":0},"end":{"line":14,"column":0}},"14":{"start":{"line":15,"column":0},"end":{"line":15,"column":12}},"15":{"start":{"line":16,"column":0},"end":{"line":16,"column":0}},"16":{"start":{"line":17,"column":0},"end":{"line":17,"column":54}},"17":{"start":{"line":18,"column":0},"end":{"line":18,"column":0}},"18":{"start":{"line":19,"column":0},"end":{"line":19,"column":16}},"19":{"start":{"line":20,"column":0},"end":{"line":20,"column":22}},"20":{"start":{"line":21,"column":0},"end":{"line":21,"column":33}},"21":{"start":{"line":22,"column":0},"end":{"line":22,"column":30}},"22":{"start":{"line":23,"column":0},"end":{"line":23,"column":0}},"23":{"start":{"line":24,"column":0},"end":{"line":24,"column":6}},"24":{"start":{"line":25,"column":0},"end":{"line":25,"column":4}},"25":{"start":{"line":26,"column":0},"end":{"line":26,"column":0}},"26":{"start":{"line":27,"column":0},"end":{"line":27,"column":18}},"27":{"start":{"line":28,"column":0},"end":{"line":28,"column":14}},"28":{"start":{"line":29,"column":0},"end":{"line":29,"column":18}}},"s":{"0":1,"1":1,"2":1,"3":1,"4":1,"5":1,"6":1,"7":1,"8":1,"9":1,"10":1,"11":1,"12":1,"13":1,"14":1,"15":1,"16":1,"17":1,"18":1,"19":1,"20":1,"21":1,"22":1,"23":1,"24":1,"25":1,"26":1,"27":1,"28":1},"branchMap":{"0":{"type":"branch","line":1,"loc":{"start":{"line":1,"column":0},"end":{"line":7,"column":1}},"locations":[{"start":{"line":1,"column":0},"end":{"line":7,"column":1}}]},"1":{"type":"branch","line":2,"loc":{"start":{"line":2,"column":22},"end":{"line":6,"column":3}},"locations":[{"start":{"line":2,"column":22},"end":{"line":6,"column":3}}]},"2":{"type":"branch","line":3,"loc":{"start":{"line":3,"column":15},"end":{"line":5,"column":5}},"locations":[{"start":{"line":3,"column":15},"end":{"line":5,"column":5}}]},"3":{"type":"branch","line":9,"loc":{"start":{"line":9,"column":7},"end":{"line":13,"column":1}},"locations":[{"start":{"line":9,"column":7},"end":{"line":13,"column":1}}]}},"b":{"0":[1],"1":[1],"2":[1],"3":[1]},"fnMap":{"0":{"name":"sleep","decl":{"start":{"line":1,"column":0},"end":{"line":7,"column":1}},"loc":{"start":{"line":1,"column":0},"end":{"line":7,"column":1}},"line":1},"1":{"name":"doSmth","decl":{"start":{"line":9,"column":7},"end":{"line":13,"column":1}},"loc":{"start":{"line":9,"column":7},"end":{"line":13,"column":1}},"line":9}},"f":{"0":1,"1":1}}
,"C:\\Users\\Pavel\\Desktop\\Задачи JS\\js_core_tests\\src\\6.flatten.ts": {"path":"C:\\Users\\Pavel\\Desktop\\Задачи JS\\js_core_tests\\src\\6.flatten.ts","all":false,"statementMap":{"0":{"start":{"line":1,"column":0},"end":{"line":1,"column":48}},"1":{"start":{"line":2,"column":0},"end":{"line":2,"column":22}},"2":{"start":{"line":3,"column":0},"end":{"line":3,"column":0}},"3":{"start":{"line":4,"column":0},"end":{"line":4,"column":30}},"4":{"start":{"line":5,"column":0},"end":{"line":5,"column":2}},"5":{"start":{"line":6,"column":0},"end":{"line":6,"column":27}},"6":{"start":{"line":7,"column":0},"end":{"line":7,"column":28}},"7":{"start":{"line":8,"column":0},"end":{"line":8,"column":36}},"8":{"start":{"line":9,"column":0},"end":{"line":9,"column":12}},"9":{"start":{"line":10,"column":0},"end":{"line":10,"column":24}},"10":{"start":{"line":11,"column":0},"end":{"line":11,"column":5}},"11":{"start":{"line":12,"column":0},"end":{"line":12,"column":3}},"12":{"start":{"line":13,"column":0},"end":{"line":13,"column":0}},"13":{"start":{"line":14,"column":0},"end":{"line":14,"column":18}},"14":{"start":{"line":15,"column":0},"end":{"line":15,"column":0}},"15":{"start":{"line":16,"column":0},"end":{"line":16,"column":1}},"16":{"start":{"line":17,"column":0},"end":{"line":17,"column":0}},"17":{"start":{"line":18,"column":0},"end":{"line":18,"column":90}},"18":{"start":{"line":19,"column":0},"end":{"line":19,"column":20}}},"s":{"0":1,"1":8,"2":8,"3":8,"4":7,"5":8,"6":17,"7":4,"8":17,"9":13,"10":13,"11":17,"12":7,"13":7,"14":7,"15":7,"16":1,"17":1,"18":1},"branchMap":{"0":{"type":"branch","line":1,"loc":{"start":{"line":1,"column":27},"end":{"line":16,"column":1}},"locations":[{"start":{"line":1,"column":27},"end":{"line":16,"column":1}}]},"1":{"type":"branch","line":4,"loc":{"start":{"line":4,"column":20},"end":{"line":4,"column":30}},"locations":[{"start":{"line":4,"column":20},"end":{"line":4,"column":30}}]},"2":{"type":"branch","line":4,"loc":{"start":{"line":4,"column":29},"end":{"line":6,"column":26}},"locations":[{"start":{"line":4,"column":29},"end":{"line":6,"column":26}}]},"3":{"type":"branch","line":6,"loc":{"start":{"line":6,"column":26},"end":{"line":12,"column":3}},"locations":[{"start":{"line":6,"column":26},"end":{"line":12,"column":3}}]},"4":{"type":"branch","line":7,"loc":{"start":{"line":7,"column":27},"end":{"line":9,"column":5}},"locations":[{"start":{"line":7,"column":27},"end":{"line":9,"column":5}}]},"5":{"type":"branch","line":9,"loc":{"start":{"line":9,"column":5},"end":{"line":11,"column":5}},"locations":[{"start":{"line":9,"column":5},"end":{"line":11,"column":5}}]},"6":{"type":"branch","line":12,"loc":{"start":{"line":12,"column":2},"end":{"line":16,"column":1}},"locations":[{"start":{"line":12,"column":2},"end":{"line":16,"column":1}}]}},"b":{"0":[8],"1":[1],"2":[7],"3":[17],"4":[4],"5":[13],"6":[7]},"fnMap":{"0":{"name":"flatten","decl":{"start":{"line":1,"column":27},"end":{"line":16,"column":1}},"loc":{"start":{"line":1,"column":27},"end":{"line":16,"column":1}},"line":1}},"f":{"0":8}}
}
