TN:
SF:src\1.PromiseAll.ts
FN:12,promiseMyAll
FNF:1
FNH:1
FNDA:3,promiseMyAll
DA:1,1
DA:2,1
DA:3,1
DA:4,1
DA:5,1
DA:6,1
DA:7,1
DA:8,1
DA:9,1
DA:10,1
DA:11,1
DA:12,1
DA:13,3
DA:14,3
DA:15,3
DA:16,3
DA:17,3
DA:18,3
DA:19,3
DA:20,9
DA:21,9
DA:22,8
DA:23,8
DA:24,8
DA:25,9
DA:26,9
DA:27,3
DA:28,3
DA:29,3
LF:29
LH:29
BRDA:12,0,0,3
BRDA:18,1,0,3
BRDA:19,2,0,9
BRDA:21,3,0,8
BRDA:24,4,0,2
BRDA:26,5,0,1
BRF:6
BRH:6
end_of_record
TN:
SF:src\2.sayHi.ts
FN:9,String.sayHi
FNF:1
FNH:1
FNDA:2,String.sayHi
DA:1,1
DA:2,1
DA:3,1
DA:4,1
DA:5,1
DA:6,1
DA:7,1
DA:8,1
DA:9,1
DA:10,2
DA:11,2
LF:11
LH:11
BRDA:9,0,0,2
BRF:1
BRH:1
end_of_record
TN:
SF:src\4.sleep.ts
FN:1,sleep
FN:9,doSmth
FNF:2
FNH:2
FNDA:1,sleep
FNDA:1,doSmth
DA:1,1
DA:2,1
DA:3,1
DA:4,1
DA:5,1
DA:6,1
DA:7,1
DA:8,1
DA:9,1
DA:10,1
DA:11,1
DA:12,1
DA:13,1
DA:14,1
DA:15,1
DA:16,1
DA:17,1
DA:18,1
DA:19,1
DA:20,1
DA:21,1
DA:22,1
DA:23,1
DA:24,1
DA:25,1
DA:26,1
DA:27,1
DA:28,1
DA:29,1
LF:29
LH:29
BRDA:1,0,0,1
BRDA:2,1,0,1
BRDA:3,2,0,1
BRDA:9,3,0,1
BRF:4
BRH:4
end_of_record
TN:
SF:src\6.flatten.ts
FN:1,flatten
FNF:1
FNH:1
FNDA:8,flatten
DA:1,1
DA:2,8
DA:3,8
DA:4,8
DA:5,7
DA:6,8
DA:7,17
DA:8,4
DA:9,17
DA:10,13
DA:11,13
DA:12,17
DA:13,7
DA:14,7
DA:15,7
DA:16,7
DA:17,1
DA:18,1
DA:19,1
LF:19
LH:19
BRDA:1,0,0,8
BRDA:4,1,0,1
BRDA:4,2,0,7
BRDA:6,3,0,17
BRDA:7,4,0,4
BRDA:9,5,0,13
BRDA:12,6,0,7
BRF:7
BRH:7
end_of_record
