TN:
SF:src\1.PromiseAll.ts
FN:1,promiseMyAll
FNF:1
FNH:1
FNDA:4,promiseMyAll
DA:1,1
DA:2,4
DA:3,4
DA:4,4
DA:5,4
DA:6,3
DA:7,3
DA:8,3
DA:9,3
DA:10,3
DA:11,3
DA:12,9
DA:13,9
DA:14,8
DA:15,8
DA:16,8
DA:17,9
DA:18,9
DA:19,3
DA:20,3
DA:21,3
LF:21
LH:21
BRDA:1,0,0,4
BRDA:5,1,0,1
BRDA:5,2,0,3
BRDA:10,3,0,3
BRDA:11,4,0,9
BRDA:13,5,0,8
BRDA:16,6,0,2
BRDA:18,7,0,1
BRF:8
BRH:8
end_of_record
TN:
SF:src\14.once.ts
FN:1,once
FNF:1
FNH:1
FNDA:1,once
DA:1,1
DA:2,1
DA:3,1
DA:4,1
DA:5,4
DA:6,1
DA:7,1
DA:8,1
DA:9,1
DA:10,4
DA:11,1
DA:12,1
DA:13,1
DA:14,1
DA:15,1
DA:16,1
DA:17,1
DA:18,1
LF:18
LH:18
BRDA:1,0,0,1
BRDA:4,1,0,4
BRDA:5,2,0,1
BRF:3
BRH:3
end_of_record
TN:
SF:src\2.sayHi.ts
FN:9,String.sayHi
FNF:1
FNH:1
FNDA:1,String.sayHi
DA:1,1
DA:2,1
DA:3,1
DA:4,1
DA:5,1
DA:6,1
DA:7,1
DA:8,1
DA:9,1
DA:10,1
DA:11,1
LF:11
LH:11
BRDA:9,0,0,1
BRF:1
BRH:1
end_of_record
TN:
SF:src\4.sleep.ts
FN:1,sleep
FN:9,doSmth
FNF:2
FNH:2
FNDA:1,sleep
FNDA:1,doSmth
DA:1,1
DA:2,1
DA:3,1
DA:4,1
DA:5,1
DA:6,1
DA:7,1
DA:8,1
DA:9,1
DA:10,1
DA:11,1
DA:12,1
DA:13,1
DA:14,1
DA:15,1
DA:16,1
DA:17,1
DA:18,1
DA:19,1
DA:20,1
DA:21,1
DA:22,1
DA:23,1
DA:24,1
DA:25,1
DA:26,1
DA:27,1
DA:28,1
DA:29,1
LF:29
LH:29
BRDA:1,0,0,1
BRDA:2,1,0,1
BRDA:3,2,0,1
BRDA:9,3,0,1
BRF:4
BRH:4
end_of_record
TN:
SF:src\6.flatten.ts
FN:1,flatten
FNF:1
FNH:1
FNDA:8,flatten
DA:1,1
DA:2,8
DA:3,8
DA:4,8
DA:5,7
DA:6,8
DA:7,17
DA:8,4
DA:9,17
DA:10,13
DA:11,13
DA:12,17
DA:13,7
DA:14,7
DA:15,7
DA:16,1
DA:17,1
DA:18,1
LF:18
LH:18
BRDA:1,0,0,8
BRDA:4,1,0,1
BRDA:4,2,0,7
BRDA:6,3,0,17
BRDA:7,4,0,4
BRDA:9,5,0,13
BRDA:12,6,0,7
BRF:7
BRH:7
end_of_record
TN:
SF:src\9.isEqual.ts
FN:9,Array.isEqual
FNF:1
FNH:1
FNDA:3,Array.isEqual
DA:1,1
DA:2,1
DA:3,1
DA:4,1
DA:5,1
DA:6,1
DA:7,1
DA:8,1
DA:9,1
DA:10,3
DA:11,2
DA:12,3
DA:13,7
DA:14,7
DA:15,1
DA:16,1
DA:17,1
DA:18,1
DA:19,1
DA:20,1
LF:20
LH:20
BRDA:9,0,0,3
BRDA:10,1,0,1
BRDA:10,2,0,2
BRDA:12,3,0,7
BRDA:13,4,0,1
BRDA:14,5,0,1
BRF:6
BRH:6
end_of_record
